No data for ACCESO_VPN.
No data for AU02_VPN.
No data for CA18_MPLS.
No data for CA18_VPN.
No data for CH10_CH10P2P.
No data for CN59_MPLS.
No data for CN59_VPN.
No data for DE11_VPN.
No data for DE17_DE17P2P.
No data for DK01_MPLS.
No data for DK01_VPN.
No data for FI01_VPN.
No data for FR01_MPLS.
No data for FR01_VPN.
No data for FR05_VPN.
No data for FR10_MPLS.
No data for FR10_VPN.
No data for GB07_MPLS.
No data for GB07_VPN.
No data for GB12_VPN.
No data for GB50_VPN.
No data for HU01-EST_ISP.
No data for HU01_MPLS.
No data for HU01_VPN.
No data for IE02-EST_VPN.
No data for IN17_MPLS.
No data for IN17_VPN.
No data for IN19_VPN.
No data for IN23_MPLS.
No data for IN23_VPN.
No data for IN47_MPLS.
No data for IN74B_MPLS.
No data for IN74B_VPN.
No data for INDCA_MPLS.
No data for INDCB_VPN.
No data for IT01_VPN.
No data for JP01-1_VPN.
No data for JP01_MPLS.
No data for JP02_VPN.
No data for MDC-ISP_VPN.
No data for MDC_VPN.
No data for NL20_MPLS.
No data for NL20_VPN.
No data for POWERINK_VPN.
No data for SDC_MPLS.
No data for US02_DC2_MPLS.
No data for US02_DC8_MPLS.
No data for US02_L3_VPN.
No data for US02_TW_VPN.
No data for US05_VPN.
No data for US18_MPLS.
No data for US18_VPN.
No data for US20_MPLS.
No data for US26_MPLS.
No data for US26_VPN.
No data for US28_MPLS.
No data for US28_VPN.
No data for US36_VPN.
No data for US38_MPLS.
No data for US38_VPN.
No data for US47_VPN.
No data for US59_VPN.
No data for US6D_VPN.
No data for US6P_VPN.
No data for US6S_MPLS.
No data for US6U_MPLS.
No data for US6U_VPN.
No data for US7M_VPN.
No data for US7N_MPLS.
No data for US7N_VPN.
No data for US8E_VPN.
No data for US95_VPN.
